t   k   v  TCount  
7 7 17 384

 2 2 2 2 2 4 3

  0  1
  2  3
  4  5
  6  7
  8  9
  10  11  12  13
  14  15  16

384
 1 3 4 6 8 13 14
 0 3 4 6 8 13 16
 0 2 5 6 8 13 14
 0 3 4 6 9 12 16
 0 3 4 7 8 12 14
 0 2 4 6 8 13 14
 1 3 5 7 8 10 16
 1 3 4 7 8 10 15
 1 3 5 7 8 10 15
 0 3 5 7 9 10 16
 0 3 4 6 9 10 16
 0 2 4 6 9 11 15
 0 2 5 6 9 11 15
 1 3 5 6 8 12 14
 0 2 5 7 8 11 15
 1 3 5 7 8 13 14
 1 2 4 6 9 11 15
 0 3 5 7 9 13 14
 1 2 5 6 9 13 14
 1 3 4 7 8 10 16
 1 3 5 7 9 13 14
 1 2 4 7 8 13 15
 0 3 5 7 8 12 14
 0 2 5 7 8 13 16
 0 2 4 6 9 13 14
 0 2 4 6 8 11 14
 1 2 4 6 9 10 15
 0 3 5 6 8 13 16
 1 2 4 6 9 12 15
 1 3 5 7 8 12 15
 1 2 5 7 8 13 14
 1 3 5 6 9 13 15
 0 3 5 6 8 12 15
 1 3 5 7 9 12 16
 1 3 4 6 8 10 15
 0 3 5 6 9 13 16
 0 3 4 6 9 12 15
 0 2 4 7 9 10 14
 0 3 5 6 9 13 15
 1 3 5 6 9 12 14
 1 3 4 6 8 13 15
 1 3 5 7 8 12 16
 0 3 4 7 8 11 15
 0 3 4 7 9 10 16
 1 3 4 6 8 10 14
 1 3 4 6 9 10 16
 0 2 5 6 9 10 14
 0 2 5 6 8 12 16
 1 2 5 6 8 11 15
 0 3 4 7 9 11 14
 1 3 5 6 8 13 15
 1 2 4 6 9 10 14
 1 3 5 6 9 10 14
 1 3 5 7 8 11 14
 1 2 5 6 9 12 14
 0 2 5 6 8 12 14
 1 2 5 6 8 12 15
 0 3 5 7 8 12 16
 0 3 4 7 8 13 14
 1 3 4 7 8 13 15
 1 2 5 6 8 13 14
 0 2 5 7 8 13 14
 1 3 5 7 8 13 15
 0 2 4 6 8 12 15
 1 3 5 6 8 13 16
 1 2 4 6 8 10 14
 0 3 4 6 8 13 15
 0 3 5 7 9 13 16
 0 2 5 7 8 10 16
 1 3 4 7 8 11 14
 0 2 4 7 8 11 15
 0 3 4 6 9 11 16
 1 3 4 6 8 11 16
 0 3 4 6 8 12 14
 1 3 5 7 9 10 15
 0 3 4 7 8 11 14
 0 2 4 7 8 12 14
 0 2 5 7 8 13 15
 0 2 4 7 8 13 15
 1 3 4 6 8 10 16
 0 2 5 7 9 11 16
 0 3 5 7 8 13 16
 1 2 5 6 8 10 15
 1 2 4 7 8 11 16
 0 3 5 6 8 12 16
 0 3 5 7 9 11 14
 0 3 4 7 9 12 14
 1 3 5 6 9 11 14
 0 3 5 6 9 10 14
 0 3 5 7 8 10 14
 1 2 5 6 9 10 14
 1 2 4 7 9 13 16
 0 2 5 6 9 12 14
 1 3 4 6 9 12 15
 1 3 5 7 8 12 14
 1 2 4 6 8 10 16
 0 2 4 6 8 13 15
 0 2 4 6 9 12 14
 1 2 5 7 9 12 16
 1 2 4 7 8 10 16
 1 3 4 7 9 12 14
 1 2 5 6 8 12 16
 1 3 4 7 9 11 14
 0 2 5 7 9 11 14
 1 2 5 6 8 13 15
 1 3 5 7 9 10 16
 0 2 4 7 9 12 15
 0 3 4 7 8 10 16
 1 3 5 6 9 10 16
 0 2 4 7 8 13 14
 1 3 4 6 8 13 16
 1 3 4 7 8 12 15
 0 3 4 6 8 13 14
 0 2 5 6 8 12 15
 1 3 4 6 9 11 14
 1 2 4 7 9 10 15
 0 2 4 6 9 10 14
 1 3 4 6 9 10 15
 1 3 4 6 8 12 14
 1 3 5 7 9 11 16
 1 2 5 6 8 12 14
 1 2 5 7 9 11 16
 1 2 4 6 9 12 14
 1 3 5 7 8 11 16
 1 2 5 7 9 10 16
 1 3 4 7 9 12 15
 0 2 4 6 8 12 16
 1 2 5 7 8 10 15
 0 2 5 7 9 13 14
 1 2 4 7 9 11 14
 0 2 5 6 9 13 14
 1 2 4 7 9 10 16
 1 3 5 7 8 11 15
 0 2 5 6 8 10 16
 1 3 5 7 9 13 16
 0 2 4 6 9 12 15
 0 3 5 6 8 13 14
 0 2 4 6 9 11 14
 0 2 4 7 8 10 15
 1 3 5 6 8 11 14
 0 3 5 7 8 11 15
 1 3 4 7 8 10 14
 0 3 5 7 9 10 15
 0 2 5 7 9 11 15
 0 2 4 6 8 11 15
 1 2 5 6 8 10 14
 1 2 5 7 9 13 14
 1 2 5 7 8 13 16
 1 3 4 7 8 11 15
 1 2 4 6 9 11 14
 1 3 4 7 9 10 16
 1 2 5 6 8 10 16
 0 2 5 6 8 13 15
 0 3 5 6 8 13 15
 1 2 5 7 9 12 14
 0 2 4 7 9 13 15
 1 3 4 6 9 11 15
 0 2 4 7 9 11 16
 0 3 5 6 9 12 15
 1 3 4 7 8 12 14
 1 2 4 6 8 10 15
 0 2 4 7 9 11 14
 1 3 4 6 8 11 15
 1 2 4 7 8 12 16
 1 2 5 6 9 13 16
 0 2 5 7 8 12 15
 0 2 5 6 9 12 16
 1 2 4 7 8 10 15
 0 3 5 7 8 10 16
 1 2 4 7 9 12 16
 0 2 5 6 8 11 16
 0 2 5 6 8 11 15
 0 2 5 7 8 10 15
 1 2 5 7 9 11 15
 1 2 5 6 9 10 15
 0 3 5 7 8 13 15
 0 2 5 7 9 10 14
 0 3 4 7 8 10 15
 0 3 4 7 9 11 15
 0 3 5 7 9 11 15
 0 2 5 6 9 11 14
 1 2 5 7 8 12 16
 0 2 5 7 8 12 16
 0 3 4 6 8 12 16
 0 3 5 7 8 12 15
 1 2 5 7 9 12 15
 1 3 4 6 8 12 15
 1 3 4 6 9 12 16
 1 2 4 7 8 11 15
 1 2 4 7 8 12 15
 0 3 4 7 8 12 15
 0 3 5 7 9 10 14
 0 3 5 6 9 11 15
 1 2 4 6 8 12 14
 1 2 4 7 9 12 15
 1 2 4 7 8 13 14
 1 2 4 6 8 13 14
 1 2 5 6 8 13 16
 1 3 5 6 9 10 15
 0 2 4 6 8 10 15
 1 2 4 6 9 12 16
 0 2 4 6 9 12 16
 1 2 5 6 9 13 15
 1 2 4 6 9 11 16
 0 3 4 7 9 13 15
 1 2 5 6 9 12 16
 0 3 5 7 8 13 14
 1 3 5 6 8 13 14
 1 2 4 6 8 12 15
 0 2 5 7 8 12 14
 1 3 4 6 9 13 16
 0 3 5 6 9 12 16
 0 2 4 6 9 10 16
 0 3 5 6 9 11 14
 0 3 5 6 8 11 14
 0 2 4 6 8 11 16
 1 3 4 7 9 11 16
 0 2 4 7 9 10 16
 1 2 5 7 9 13 16
 1 3 5 6 8 10 14
 0 3 4 7 9 12 16
 0 2 4 6 9 10 15
 0 2 4 7 9 12 16
 1 3 4 7 9 10 14
 0 2 4 7 8 12 16
 1 3 5 6 8 10 16
 0 3 4 6 9 13 14
 0 3 4 7 9 11 16
 0 3 4 7 8 13 16
 0 2 5 6 9 10 15
 0 3 5 7 8 10 15
 0 2 4 6 9 13 15
 0 3 4 7 9 12 15
 1 2 5 6 8 11 16
 1 2 4 6 9 13 16
 1 3 4 6 9 11 16
 1 2 4 7 9 10 14
 1 3 5 6 8 10 15
 0 2 5 6 8 10 15
 0 3 5 6 9 13 14
 1 3 4 6 9 13 15
 1 2 4 7 9 11 16
 1 3 4 6 8 11 14
 0 3 5 7 9 13 15
 1 2 5 6 9 11 14
 0 3 5 6 8 10 16
 1 2 5 7 8 11 16
 1 3 5 6 9 12 15
 1 3 4 6 9 12 14
 1 3 5 6 8 12 15
 0 3 4 6 8 10 15
 0 2 4 6 8 12 14
 0 3 4 7 9 10 14
 1 2 5 7 8 11 14
 0 2 4 6 8 10 16
 0 3 4 7 8 13 15
 0 2 5 6 9 13 16
 0 3 5 7 9 12 14
 0 3 4 6 9 10 15
 0 2 4 6 8 13 16
 1 3 5 7 9 12 14
 1 2 5 6 9 11 15
 1 2 4 6 8 13 16
 0 2 4 7 9 10 15
 0 2 4 7 8 10 14
 0 2 5 7 9 12 15
 1 3 4 7 9 11 15
 0 3 5 6 8 11 16
 1 2 4 7 8 13 16
 0 3 4 6 8 11 14
 1 3 4 7 9 13 16
 1 2 5 7 8 12 14
 0 2 5 7 9 12 16
 0 2 5 6 8 10 14
 0 2 5 7 8 10 14
 1 3 5 7 9 13 15
 0 2 4 7 8 12 15
 1 3 5 7 8 10 14
 0 3 5 6 9 11 16
 1 3 4 6 9 13 14
 0 3 4 6 8 10 14
 1 2 4 7 9 12 14
 1 2 4 7 9 13 15
 0 3 4 6 8 11 15
 0 2 5 7 9 10 16
 0 3 5 6 9 10 15
 1 2 4 6 9 10 16
 0 2 4 7 8 11 16
 1 2 4 6 8 11 15
 1 2 4 6 8 12 16
 1 2 5 6 9 10 16
 1 3 4 7 8 11 16
 0 2 4 6 9 13 16
 0 2 5 6 8 11 14
 0 3 4 6 9 13 15
 1 2 5 7 8 10 16
 0 2 4 7 8 11 14
 1 3 4 7 8 13 16
 1 3 4 6 9 10 14
 0 3 5 6 8 12 14
 1 2 4 6 8 11 16
 1 2 5 7 8 10 14
 0 3 4 6 9 10 14
 1 3 4 7 9 13 15
 0 2 4 7 9 11 15
 1 3 5 6 9 13 14
 1 2 5 6 8 11 14
 0 2 5 7 8 11 16
 0 3 4 6 9 12 14
 0 2 4 6 9 11 16
 1 2 4 6 8 13 15
 0 3 4 6 9 11 14
 1 3 5 6 8 11 15
 0 3 4 7 8 11 16
 0 2 5 6 8 13 16
 1 3 5 6 9 11 16
 1 3 5 6 9 11 15
 0 3 4 7 9 13 16
 0 3 5 6 8 10 15
 0 2 4 7 9 13 14
 0 2 4 6 8 10 14
 0 3 4 6 8 11 16
 1 3 5 6 8 11 16
 1 3 5 7 9 11 14
 1 3 5 6 9 13 16
 0 3 4 7 8 12 16
 0 3 5 7 8 11 14
 0 2 5 7 9 12 14
 1 3 5 7 9 11 15
 0 2 4 7 8 13 16
 0 2 5 7 9 13 16
 1 2 4 7 9 13 14
 0 3 5 7 9 12 15
 1 3 4 6 8 12 16
 0 3 4 7 9 10 15
 0 3 4 7 8 10 14
 0 3 4 6 8 10 16
 0 3 5 7 9 12 16
 1 3 4 7 9 10 15
 0 2 5 7 8 11 14
 1 3 5 7 8 13 16
 0 3 4 6 8 12 15
 1 3 5 7 9 10 14
 0 2 4 7 9 13 16
 1 2 4 6 9 13 15
 1 2 5 7 9 13 15
 1 2 5 6 9 12 15
 1 3 5 7 9 12 15
 1 3 5 6 9 12 16
 1 3 5 6 8 12 16
 1 2 5 7 9 10 15
 0 2 5 6 9 12 15
 1 2 4 7 8 12 14
 1 2 5 6 9 11 16
 0 2 5 7 9 10 15
 0 2 5 6 9 10 16
 1 2 4 7 8 10 14
 1 3 4 7 9 12 16
 0 3 5 7 8 11 16
 1 3 4 7 8 12 16
 1 2 4 6 9 13 14
 1 2 4 7 8 11 14
 1 2 5 7 8 11 15
 0 2 4 7 9 12 14
 0 3 4 6 9 13 16
 0 3 4 7 9 13 14
 1 2 5 7 8 13 15
 1 2 5 7 9 10 14
 0 2 5 7 9 13 15
 0 3 5 6 8 11 15
 1 2 5 7 9 11 14
 0 2 5 6 9 13 15
 1 2 4 7 9 11 15
 1 3 4 7 8 13 14
 0 2 4 7 8 10 16
 0 3 5 6 9 12 14
 1 2 5 7 8 12 15
 0 2 5 6 9 11 16
 1 3 4 7 9 13 14
 0 3 5 7 9 11 16
 0 3 5 6 9 10 16
 1 2 4 6 8 11 14
 0 3 5 6 8 10 14
 0 3 4 6 9 11 15
