t   k   v  TCount  
7 7 18 384

 2 2 2 2 2 2 6

  0  1
  2  3
  4  5
  6  7
  8  9
  10  11
  12  13  14  15  16  17

384
 0 3 4 7 9 10 17
 0 2 4 6 8 10 17
 1 3 5 6 9 11 15
 1 3 5 6 9 11 16
 0 2 4 6 8 10 14
 1 2 4 7 9 10 17
 0 3 5 7 9 11 15
 1 2 5 7 8 10 15
 1 3 4 7 9 11 15
 0 3 4 7 8 11 13
 0 3 5 6 8 11 16
 1 3 5 6 8 10 17
 0 3 5 7 9 11 16
 1 3 5 7 9 11 12
 0 2 4 6 8 10 13
 0 2 5 7 8 11 13
 0 3 5 7 8 10 13
 1 2 5 6 9 11 12
 1 2 4 6 8 10 15
 0 3 4 7 8 10 16
 0 2 5 6 8 10 12
 0 2 5 6 9 11 12
 0 3 5 6 9 10 16
 1 3 4 7 8 10 14
 1 2 5 7 9 10 14
 1 3 5 6 8 11 15
 1 2 5 6 8 10 12
 0 3 5 6 9 10 12
 1 3 5 7 9 11 16
 0 3 4 6 8 10 13
 1 3 4 6 9 10 16
 0 2 4 6 9 10 15
 1 2 4 7 8 10 13
 0 2 5 7 8 10 13
 1 3 4 6 8 10 12
 0 2 4 7 8 10 12
 0 2 5 6 9 11 15
 1 2 5 6 9 11 14
 1 2 4 6 9 11 13
 0 2 5 6 9 10 14
 0 3 4 6 9 11 13
 0 2 5 6 9 11 17
 1 3 4 7 9 11 14
 0 2 4 7 9 11 15
 1 2 4 7 9 11 13
 1 2 5 6 8 10 17
 0 2 4 7 8 10 15
 0 3 4 7 9 11 17
 0 3 4 6 8 11 12
 1 3 4 6 9 11 17
 0 2 5 7 8 10 12
 0 2 4 7 8 10 17
 1 3 4 6 8 11 14
 1 2 4 7 9 10 15
 0 3 4 7 8 10 15
 0 2 5 6 8 10 14
 0 2 5 7 9 10 17
 1 2 5 7 9 10 15
 1 3 5 6 8 10 15
 0 3 4 6 9 10 17
 0 2 5 7 9 11 17
 0 2 5 6 8 11 13
 0 2 5 7 8 11 17
 1 2 5 6 8 11 15
 1 3 5 6 9 10 15
 0 3 4 6 9 11 15
 1 3 5 6 8 10 13
 0 3 5 7 9 11 12
 0 3 5 7 9 10 16
 0 3 4 7 9 10 14
 1 3 4 6 9 11 12
 0 2 4 6 9 10 13
 0 2 4 7 9 10 13
 0 2 5 6 9 10 17
 1 3 5 6 8 10 16
 0 3 5 6 8 11 12
 1 2 5 6 9 11 16
 0 3 4 6 8 11 13
 0 2 4 6 9 10 17
 0 3 4 6 8 11 14
 1 3 4 7 9 11 12
 0 3 4 7 9 11 14
 1 3 5 6 8 11 17
 1 2 4 6 8 10 14
 1 3 5 7 8 11 17
 0 3 5 7 8 11 17
 1 3 4 6 8 11 13
 0 3 4 7 8 11 17
 1 3 5 7 8 11 13
 1 2 5 7 8 11 16
 1 3 4 6 8 11 17
 1 2 4 6 9 10 15
 1 2 4 7 9 11 16
 0 3 4 7 9 11 12
 0 2 5 7 8 10 16
 1 2 4 6 8 10 17
 0 3 5 6 9 11 15
 0 2 5 7 8 10 15
 0 2 4 6 9 10 14
 0 3 4 6 9 11 12
 1 2 5 7 8 10 17
 0 3 4 6 9 10 13
 0 2 4 7 8 11 15
 0 3 4 6 8 11 17
 1 3 5 7 8 10 15
 1 2 5 7 8 11 17
 0 2 4 6 9 10 16
 1 3 4 6 8 10 15
 0 2 5 7 9 10 14
 0 2 5 7 9 11 12
 0 2 4 6 9 11 14
 0 3 4 7 9 10 15
 1 2 5 7 9 11 12
 1 2 4 7 8 10 17
 1 3 4 6 9 11 15
 0 2 4 7 9 10 17
 0 2 4 6 8 11 16
 0 2 4 6 8 10 16
 1 3 4 7 8 11 17
 1 3 5 6 9 10 13
 0 3 4 7 9 10 16
 1 2 4 7 9 10 13
 1 2 5 7 9 11 17
 0 3 4 7 8 11 14
 1 3 4 6 8 10 13
 1 2 5 6 9 10 13
 1 3 4 7 8 10 13
 1 2 5 7 9 10 12
 1 2 4 7 8 11 14
 0 3 4 6 9 11 14
 0 2 4 6 9 11 17
 1 2 4 6 9 11 15
 0 2 5 7 9 11 16
 1 2 4 6 8 11 13
 0 2 4 7 8 11 17
 1 3 4 7 8 11 14
 0 2 5 6 9 11 13
 1 2 4 6 9 10 12
 1 3 4 7 9 10 14
 1 3 5 7 9 11 13
 1 3 4 6 8 10 17
 0 2 5 7 8 11 12
 1 2 5 7 9 11 13
 1 3 4 6 9 11 13
 1 2 5 7 9 10 17
 1 3 4 7 9 10 15
 1 3 5 7 9 10 17
 0 2 4 6 8 11 12
 0 3 5 7 9 10 12
 1 3 5 7 9 10 16
 1 3 4 6 8 11 15
 1 3 5 6 9 10 16
 0 3 5 7 8 10 17
 0 3 5 6 9 10 13
 0 2 4 7 9 11 13
 1 2 5 7 8 11 12
 0 2 5 7 8 11 15
 1 2 5 7 9 10 13
 0 3 4 7 9 11 15
 1 2 4 6 9 10 14
 0 3 5 6 9 11 12
 1 2 4 7 9 11 12
 1 2 5 6 9 10 12
 0 2 4 6 8 10 15
 1 2 4 6 8 11 14
 1 2 5 6 8 11 12
 1 3 5 7 9 10 13
 0 3 4 6 8 11 16
 0 2 4 7 8 11 14
 1 2 4 7 9 11 14
 1 2 4 6 8 10 12
 0 2 4 7 9 11 17
 1 2 5 6 8 11 13
 0 2 4 7 9 10 14
 1 2 5 6 8 10 13
 1 3 5 6 9 11 14
 1 3 5 7 9 11 17
 0 3 5 6 8 10 16
 1 3 4 7 9 10 12
 1 3 5 7 9 11 14
 0 2 4 6 9 11 12
 0 2 5 6 9 10 16
 0 2 4 6 8 10 12
 1 2 4 6 8 10 13
 0 3 4 7 8 11 16
 1 3 4 7 9 10 13
 0 3 5 6 9 10 17
 0 2 5 7 9 11 14
 1 3 4 7 9 11 16
 1 2 5 6 8 10 15
 0 2 5 6 9 10 12
 1 3 5 6 8 10 12
 1 3 5 6 9 10 17
 1 2 4 6 9 11 17
 1 3 4 7 9 11 17
 1 2 5 7 9 11 15
 0 2 5 6 9 11 16
 1 3 4 6 8 10 16
 1 2 4 7 9 10 16
 0 3 5 7 9 11 17
 1 2 5 6 8 11 14
 0 2 5 6 9 11 14
 1 2 4 7 9 10 14
 0 2 5 6 9 10 13
 1 2 5 7 8 10 12
 0 3 4 6 8 10 14
 0 2 5 6 8 10 15
 0 3 5 7 8 10 14
 1 2 4 7 8 10 16
 1 3 4 7 8 10 12
 0 2 5 6 8 11 15
 0 3 5 6 8 10 12
 0 3 5 7 8 10 12
 0 3 4 6 9 10 12
 0 3 5 6 9 10 15
 1 3 4 6 9 10 13
 1 3 5 6 8 10 14
 1 3 5 7 8 11 15
 1 3 4 7 9 10 16
 0 3 5 7 8 11 16
 0 2 5 6 8 11 16
 0 3 4 6 8 10 12
 0 2 5 7 8 10 14
 1 3 4 6 9 10 17
 0 2 4 7 8 11 13
 0 3 5 6 8 11 14
 0 2 4 7 9 11 14
 0 2 5 7 8 10 17
 1 3 4 6 9 10 15
 1 3 5 6 9 11 13
 0 3 4 7 8 10 17
 1 2 4 7 8 10 12
 1 2 5 7 9 10 16
 0 2 4 7 9 10 15
 1 2 4 6 8 11 15
 0 2 4 6 8 11 15
 0 3 5 6 8 11 15
 1 2 4 7 8 11 16
 1 3 4 6 8 10 14
 0 3 5 6 8 11 17
 1 2 5 6 9 10 15
 0 2 4 7 9 11 16
 0 3 5 6 8 10 13
 0 3 5 7 8 11 14
 0 2 4 6 9 10 12
 1 3 5 6 9 11 12
 0 2 5 7 8 11 14
 1 3 5 7 8 11 14
 0 3 5 7 9 10 15
 1 3 4 7 8 10 15
 0 2 4 7 9 11 12
 0 3 4 6 9 11 16
 1 2 4 6 9 10 16
 0 3 4 7 8 11 12
 1 3 4 6 9 11 16
 1 3 5 7 9 10 12
 1 2 4 7 9 11 15
 1 3 5 7 8 10 12
 0 3 4 6 8 10 16
 0 3 4 6 8 10 15
 1 2 4 6 8 10 16
 1 2 5 7 8 11 13
 0 2 5 7 9 11 15
 0 2 5 7 8 11 16
 1 3 4 7 9 11 13
 1 3 5 7 8 11 16
 1 2 4 7 9 11 17
 1 2 5 6 9 11 17
 1 2 5 6 8 11 16
 0 3 5 6 8 10 14
 0 3 5 6 8 10 17
 1 3 5 6 9 10 14
 1 2 4 7 8 11 17
 1 3 5 7 8 11 12
 1 3 5 7 8 10 16
 0 3 4 7 9 10 12
 0 3 4 6 9 11 17
 1 3 5 6 8 11 12
 1 3 5 7 9 10 14
 0 3 4 7 8 10 12
 0 3 5 6 8 11 13
 0 3 5 6 9 11 14
 1 2 5 6 9 10 17
 1 3 4 7 9 10 17
 1 2 5 6 8 10 14
 0 3 4 6 9 10 14
 1 3 4 7 8 11 12
 0 3 5 6 9 10 14
 0 2 4 7 8 10 16
 1 2 5 7 9 11 14
 1 3 5 6 9 10 12
 1 2 4 6 8 11 17
 0 2 4 6 8 11 13
 1 2 5 6 9 10 14
 1 2 5 6 8 11 17
 0 2 4 7 9 10 12
 1 2 5 7 8 11 15
 0 3 5 7 8 11 12
 1 3 5 6 9 11 17
 0 3 5 7 9 10 17
 0 2 4 6 8 11 14
 0 3 4 6 9 10 16
 1 2 5 7 8 10 16
 1 2 4 7 8 11 13
 1 2 4 7 8 10 14
 1 2 4 6 8 11 16
 1 2 5 7 8 10 13
 1 3 4 6 8 11 16
 0 2 4 7 8 10 14
 0 3 5 7 8 11 13
 0 2 5 6 8 10 17
 1 2 4 7 9 10 12
 1 3 4 7 8 11 16
 0 2 4 7 8 11 16
 1 3 5 7 8 10 17
 0 3 5 6 9 11 16
 1 3 4 6 9 11 14
 0 2 4 7 9 10 16
 0 2 4 6 9 11 15
 0 2 5 6 8 11 12
 0 3 5 7 9 11 13
 1 2 5 7 8 10 14
 1 3 4 7 8 10 16
 0 3 4 7 8 10 14
 0 2 5 6 8 11 17
 0 2 4 7 8 10 13
 1 3 4 7 8 10 17
 1 3 5 7 8 10 14
 1 3 5 7 8 10 13
 1 3 5 6 8 11 13
 1 3 4 6 9 10 14
 0 3 5 7 9 10 13
 1 3 5 7 9 11 15
 0 3 5 7 8 10 15
 0 3 4 7 9 11 13
 1 3 4 7 8 11 15
 1 2 5 6 9 11 13
 0 3 4 7 8 10 13
 1 2 4 7 8 11 15
 0 2 4 6 9 11 16
 1 2 4 6 9 10 17
 0 3 5 6 9 11 17
 1 2 4 7 8 11 12
 1 2 5 7 8 11 14
 0 2 5 6 8 10 16
 0 3 5 6 8 10 15
 0 2 4 7 8 11 12
 0 3 4 6 9 10 15
 0 3 4 6 8 10 17
 0 2 4 6 8 11 17
 0 2 5 6 8 10 13
 0 3 4 7 9 10 13
 1 3 5 6 8 11 16
 1 3 4 6 8 11 12
 0 2 5 7 9 10 15
 0 2 4 6 9 11 13
 0 3 5 7 8 10 16
 1 2 4 7 8 10 15
 0 3 5 7 8 11 15
 1 2 4 6 8 11 12
 0 3 4 7 8 11 15
 0 2 5 7 9 11 13
 1 2 5 6 8 10 16
 0 2 5 6 9 10 15
 1 2 5 7 9 11 16
 1 3 5 7 9 10 15
 1 2 4 6 9 10 13
 0 2 5 6 8 11 14
 1 2 5 6 9 11 15
 0 3 5 7 9 10 14
 0 3 4 6 8 11 15
 1 2 5 6 9 10 16
 0 3 4 7 9 11 16
 0 3 5 6 9 11 13
 1 3 4 7 8 11 13
 1 2 4 6 9 11 16
 0 2 5 7 9 10 16
 0 2 5 7 9 10 13
 1 3 4 6 9 10 12
 1 3 5 6 8 11 14
 1 2 4 6 9 11 12
 1 2 4 6 9 11 14
 0 2 5 7 9 10 12
 0 3 5 7 9 11 14
